{"level":"info","time":1592823603920,"message":"Hub listening on 127.0.0.1:5000"}
{"level":"info","time":1592823603920,"message":"ref-3: listening on 127.0.0.1:5003"}
{"level":"info","time":1592823603920,"message":"ref-1: listening on 127.0.0.1:5001"}
{"level":"info","time":1592823603920,"message":"ref-2: listening on 127.0.0.1:5002"}
{"level":"info","time":1592823603923,"message":"Received registration from ref-3"}
{"level":"info","time":1592823603923,"message":"Received registration from ref-2"}
{"level":"info","time":1592823603923,"message":"Received registration from ref-1"}
{"level":"info","time":1592823607343,"message":"Received registration from ncoman-1"}
{"level":"info","time":1592823611908,"message":"sys-1/ncoman-1 will propose 12"}
{"level":"info","time":1592823611909,"message":"sys-1/ref-1 will propose 78"}
{"level":"info","time":1592823611910,"message":"sys-1/ref-2 will propose 94"}
{"level":"info","time":1592823611910,"message":"Starting system sys-1 of process ref-1 ..."}
{"level":"info","time":1592823611910,"message":"sys-1/ref-1: Starting consensus among ncoman-1, ref-1, ref-2, ref-3"}
{"level":"info","time":1592823611910,"message":"sys-1/ref-3 will propose 72"}
{"level":"info","time":1592823611911,"message":"Starting system sys-1 of process ref-2 ..."}
{"level":"info","time":1592823611911,"message":"Starting system sys-1 of process ref-3 ..."}
{"level":"info","time":1592823611912,"message":"sys-1/ref-2: Starting consensus among ncoman-1, ref-1, ref-2, ref-3"}
{"level":"info","time":1592823611912,"message":"sys-1/ref-3: Starting consensus among ncoman-1, ref-1, ref-2, ref-3"}
{"level":"info","time":1592823611923,"message":"sys-1/ref-2 decided 72"}
{"level":"info","time":1592823611924,"message":"sys-1/ref-3 decided 72"}
{"level":"info","time":1592823611924,"message":"sys-1/ref-1 decided 72"}
{"level":"info","time":1592823612213,"message":"sys-1/ref-3/EPFD: Increased timeout to 0.20 seconds"}
{"level":"info","time":1592823612218,"message":"sys-1/ncoman-1 decided 72"}
{"level":"info","time":1592823612249,"message":"sys-1/ref-1/EPFD: Increased timeout to 0.20 seconds"}
{"level":"info","time":1592823612250,"message":"sys-1/ref-2/EPFD: Increased timeout to 0.20 seconds"}
{"level":"info","time":1592823613252,"message":"sys-1/ref-1/EPFD: Increased timeout to 0.30 seconds"}
{"level":"info","time":1592823613452,"message":"sys-1/ref-2/EPFD: Increased timeout to 0.30 seconds"}
{"level":"info","time":1592823614456,"message":"sys-1/ref-1/EPFD: Increased timeout to 0.40 seconds"}
